<?xml version="1.0" encoding="UTF-8"?>
<testng-results skipped="0" failed="1" ignored="0" total="8" passed="7">
  <reporter-output>
  </reporter-output>
  <suite name="Free Crm Application Automation Test Suite" duration-ms="273079" started-at="2018-12-17T05:40:22Z" finished-at="2018-12-17T05:44:55Z">
    <groups>
    </groups>
    <test name="free CRM App test Cases" duration-ms="273079" started-at="2018-12-17T05:40:22Z" finished-at="2018-12-17T05:44:55Z">
      <class name="com.crm.qa.testcases.ContactPageTest">
        <test-method status="PASS" signature="setUp()[pri:0, instance:com.crm.qa.testcases.ContactPageTest@5c7fa833]" name="setUp" is-config="true" duration-ms="43205" started-at="2018-12-17T11:10:22Z" finished-at="2018-12-17T11:11:06Z">
          <reporter-output>
          </reporter-output>
        </test-method> <!-- setUp -->
        <test-method status="PASS" signature="VerifyContactsPageLabelTest()[pri:1, instance:com.crm.qa.testcases.ContactPageTest@5c7fa833]" name="VerifyContactsPageLabelTest" duration-ms="87" started-at="2018-12-17T11:11:06Z" finished-at="2018-12-17T11:11:06Z">
          <reporter-output>
          </reporter-output>
        </test-method> <!-- VerifyContactsPageLabelTest -->
        <test-method status="PASS" signature="TearDown()[pri:0, instance:com.crm.qa.testcases.ContactPageTest@5c7fa833]" name="TearDown" is-config="true" duration-ms="1001" started-at="2018-12-17T11:11:06Z" finished-at="2018-12-17T11:11:07Z">
          <reporter-output>
          </reporter-output>
        </test-method> <!-- TearDown -->
        <test-method status="PASS" signature="setUp()[pri:0, instance:com.crm.qa.testcases.ContactPageTest@5c7fa833]" name="setUp" is-config="true" duration-ms="41709" started-at="2018-12-17T11:11:50Z" finished-at="2018-12-17T11:12:32Z">
          <reporter-output>
          </reporter-output>
        </test-method> <!-- setUp -->
        <test-method status="FAIL" signature="selectContactByNameTest()[pri:2, instance:com.crm.qa.testcases.ContactPageTest@5c7fa833]" name="selectContactByNameTest" duration-ms="25116" started-at="2018-12-17T11:12:32Z" finished-at="2018-12-17T11:12:57Z">
          <exception class="org.openqa.selenium.NoSuchElementException">
            <message>
              <![CDATA[no such element: Unable to locate element: {"method":"xpath","selector":"//a[text()='test2 test2']//parent::td[@class='datalistrow']//preceding-sibling::td[@class='datalistrow']//input[@name='contact_id']"}
  (Session info: chrome=71.0.3578.98)
  (Driver info: chromedriver=2.38.551601 (edb21f07fc70e9027c746edd3201443e011a61ed),platform=Windows NT 6.3.9600 x86_64) (WARNING: The server did not provide any stacktrace information)
Command duration or timeout: 0 milliseconds
For documentation on this error, please visit: http://seleniumhq.org/exceptions/no_such_element.html
Build info: version: '3.13.0', revision: '2f0d292', time: '2018-06-25T15:24:21.231Z'
System info: host: 'ACER', ip: '192.168.43.115', os.name: 'Windows 8.1', os.arch: 'amd64', os.version: '6.3', java.version: '1.8.0_172'
Driver info: org.openqa.selenium.chrome.ChromeDriver
Capabilities {acceptInsecureCerts: false, acceptSslCerts: false, applicationCacheEnabled: false, browserConnectionEnabled: false, browserName: chrome, chrome: {chromedriverVersion: 2.38.551601 (edb21f07fc70e9..., userDataDir: C:\Users\gullu\AppData\Loca...}, cssSelectorsEnabled: true, databaseEnabled: false, handlesAlerts: true, hasTouchScreen: false, javascriptEnabled: true, locationContextEnabled: true, mobileEmulationEnabled: false, nativeEvents: true, networkConnectionEnabled: false, pageLoadStrategy: normal, platform: XP, platformName: XP, rotatable: false, setWindowRect: true, takesHeapSnapshot: true, takesScreenshot: true, unexpectedAlertBehaviour: , unhandledPromptBehavior: , version: 71.0.3578.98, webStorageEnabled: true}
Session ID: ccd717c3981e62b66c1c69290cd316f3
*** Element info: {Using=xpath, value=//a[text()='test2 test2']//parent::td[@class='datalistrow']//preceding-sibling::td[@class='datalistrow']//input[@name='contact_id']}]]>
            </message>
            <full-stacktrace>
              <![CDATA[org.openqa.selenium.NoSuchElementException: no such element: Unable to locate element: {"method":"xpath","selector":"//a[text()='test2 test2']//parent::td[@class='datalistrow']//preceding-sibling::td[@class='datalistrow']//input[@name='contact_id']"}
  (Session info: chrome=71.0.3578.98)
  (Driver info: chromedriver=2.38.551601 (edb21f07fc70e9027c746edd3201443e011a61ed),platform=Windows NT 6.3.9600 x86_64) (WARNING: The server did not provide any stacktrace information)
Command duration or timeout: 0 milliseconds
For documentation on this error, please visit: http://seleniumhq.org/exceptions/no_such_element.html
Build info: version: '3.13.0', revision: '2f0d292', time: '2018-06-25T15:24:21.231Z'
System info: host: 'ACER', ip: '192.168.43.115', os.name: 'Windows 8.1', os.arch: 'amd64', os.version: '6.3', java.version: '1.8.0_172'
Driver info: org.openqa.selenium.chrome.ChromeDriver
Capabilities {acceptInsecureCerts: false, acceptSslCerts: false, applicationCacheEnabled: false, browserConnectionEnabled: false, browserName: chrome, chrome: {chromedriverVersion: 2.38.551601 (edb21f07fc70e9..., userDataDir: C:\Users\gullu\AppData\Loca...}, cssSelectorsEnabled: true, databaseEnabled: false, handlesAlerts: true, hasTouchScreen: false, javascriptEnabled: true, locationContextEnabled: true, mobileEmulationEnabled: false, nativeEvents: true, networkConnectionEnabled: false, pageLoadStrategy: normal, platform: XP, platformName: XP, rotatable: false, setWindowRect: true, takesHeapSnapshot: true, takesScreenshot: true, unexpectedAlertBehaviour: , unhandledPromptBehavior: , version: 71.0.3578.98, webStorageEnabled: true}
Session ID: ccd717c3981e62b66c1c69290cd316f3
*** Element info: {Using=xpath, value=//a[text()='test2 test2']//parent::td[@class='datalistrow']//preceding-sibling::td[@class='datalistrow']//input[@name='contact_id']}
	at sun.reflect.NativeConstructorAccessorImpl.newInstance0(Native Method)
	at sun.reflect.NativeConstructorAccessorImpl.newInstance(Unknown Source)
	at sun.reflect.DelegatingConstructorAccessorImpl.newInstance(Unknown Source)
	at java.lang.reflect.Constructor.newInstance(Unknown Source)
	at org.openqa.selenium.remote.ErrorHandler.createThrowable(ErrorHandler.java:214)
	at org.openqa.selenium.remote.ErrorHandler.throwIfResponseFailed(ErrorHandler.java:166)
	at org.openqa.selenium.remote.http.JsonHttpResponseCodec.reconstructValue(JsonHttpResponseCodec.java:40)
	at org.openqa.selenium.remote.http.AbstractHttpResponseCodec.decode(AbstractHttpResponseCodec.java:80)
	at org.openqa.selenium.remote.http.AbstractHttpResponseCodec.decode(AbstractHttpResponseCodec.java:44)
	at org.openqa.selenium.remote.HttpCommandExecutor.execute(HttpCommandExecutor.java:158)
	at org.openqa.selenium.remote.service.DriverCommandExecutor.execute(DriverCommandExecutor.java:83)
	at org.openqa.selenium.remote.RemoteWebDriver.execute(RemoteWebDriver.java:548)
	at org.openqa.selenium.remote.RemoteWebDriver.findElement(RemoteWebDriver.java:322)
	at org.openqa.selenium.remote.RemoteWebDriver.findElementByXPath(RemoteWebDriver.java:424)
	at org.openqa.selenium.By$ByXPath.findElement(By.java:353)
	at org.openqa.selenium.remote.RemoteWebDriver.findElement(RemoteWebDriver.java:314)
	at com.crm.qa.pages.ContactPage.selectContactByName(ContactPage.java:27)
	at com.crm.qa.testcases.ContactPageTest.selectContactByNameTest(ContactPageTest.java:43)
	at sun.reflect.NativeMethodAccessorImpl.invoke0(Native Method)
	at sun.reflect.NativeMethodAccessorImpl.invoke(Unknown Source)
	at sun.reflect.DelegatingMethodAccessorImpl.invoke(Unknown Source)
	at java.lang.reflect.Method.invoke(Unknown Source)
	at org.testng.internal.MethodInvocationHelper.invokeMethod(MethodInvocationHelper.java:108)
	at org.testng.internal.Invoker.invokeMethod(Invoker.java:661)
	at org.testng.internal.Invoker.invokeTestMethod(Invoker.java:869)
	at org.testng.internal.Invoker.invokeTestMethods(Invoker.java:1193)
	at org.testng.internal.TestMethodWorker.invokeTestMethods(TestMethodWorker.java:126)
	at org.testng.internal.TestMethodWorker.run(TestMethodWorker.java:109)
	at org.testng.TestRunner.privateRun(TestRunner.java:744)
	at org.testng.TestRunner.run(TestRunner.java:602)
	at org.testng.SuiteRunner.runTest(SuiteRunner.java:380)
	at org.testng.SuiteRunner.runSequentially(SuiteRunner.java:375)
	at org.testng.SuiteRunner.privateRun(SuiteRunner.java:340)
	at org.testng.SuiteRunner.run(SuiteRunner.java:289)
	at org.testng.SuiteRunnerWorker.runSuite(SuiteRunnerWorker.java:52)
	at org.testng.SuiteRunnerWorker.run(SuiteRunnerWorker.java:86)
	at org.testng.TestNG.runSuitesSequentially(TestNG.java:1301)
	at org.testng.TestNG.runSuitesLocally(TestNG.java:1226)
	at org.testng.TestNG.runSuites(TestNG.java:1144)
	at org.testng.TestNG.run(TestNG.java:1115)
	at org.testng.remote.AbstractRemoteTestNG.run(AbstractRemoteTestNG.java:114)
	at org.testng.remote.RemoteTestNG.initAndRun(RemoteTestNG.java:251)
	at org.testng.remote.RemoteTestNG.main(RemoteTestNG.java:77)
]]>
            </full-stacktrace>
          </exception> <!-- org.openqa.selenium.NoSuchElementException -->
          <reporter-output>
          </reporter-output>
        </test-method> <!-- selectContactByNameTest -->
        <test-method status="PASS" signature="TearDown()[pri:0, instance:com.crm.qa.testcases.ContactPageTest@5c7fa833]" name="TearDown" is-config="true" duration-ms="940" started-at="2018-12-17T11:12:57Z" finished-at="2018-12-17T11:12:58Z">
          <reporter-output>
          </reporter-output>
        </test-method> <!-- TearDown -->
      </class> <!-- com.crm.qa.testcases.ContactPageTest -->
      <class name="com.crm.qa.testcases.HomePageTest">
        <test-method status="PASS" signature="setUp()[pri:0, instance:com.crm.qa.testcases.HomePageTest@39aeed2f]" name="setUp" is-config="true" duration-ms="23463" started-at="2018-12-17T11:11:07Z" finished-at="2018-12-17T11:11:30Z">
          <reporter-output>
          </reporter-output>
        </test-method> <!-- setUp -->
        <test-method status="PASS" signature="verifyHomePageTitleTest()[pri:1, instance:com.crm.qa.testcases.HomePageTest@39aeed2f]" name="verifyHomePageTitleTest" duration-ms="17" started-at="2018-12-17T11:11:30Z" finished-at="2018-12-17T11:11:30Z">
          <reporter-output>
          </reporter-output>
        </test-method> <!-- verifyHomePageTitleTest -->
        <test-method status="PASS" signature="TearDown()[pri:0, instance:com.crm.qa.testcases.HomePageTest@39aeed2f]" name="TearDown" is-config="true" duration-ms="826" started-at="2018-12-17T11:11:30Z" finished-at="2018-12-17T11:11:31Z">
          <reporter-output>
          </reporter-output>
        </test-method> <!-- TearDown -->
        <test-method status="PASS" signature="setUp()[pri:0, instance:com.crm.qa.testcases.HomePageTest@39aeed2f]" name="setUp" is-config="true" duration-ms="48463" started-at="2018-12-17T11:12:58Z" finished-at="2018-12-17T11:13:46Z">
          <reporter-output>
          </reporter-output>
        </test-method> <!-- setUp -->
        <test-method status="PASS" signature="verifUsernameTest()[pri:2, instance:com.crm.qa.testcases.HomePageTest@39aeed2f]" name="verifUsernameTest" duration-ms="123" started-at="2018-12-17T11:13:46Z" finished-at="2018-12-17T11:13:47Z">
          <reporter-output>
          </reporter-output>
        </test-method> <!-- verifUsernameTest -->
        <test-method status="PASS" signature="TearDown()[pri:0, instance:com.crm.qa.testcases.HomePageTest@39aeed2f]" name="TearDown" is-config="true" duration-ms="826" started-at="2018-12-17T11:13:47Z" finished-at="2018-12-17T11:13:47Z">
          <reporter-output>
          </reporter-output>
        </test-method> <!-- TearDown -->
        <test-method status="PASS" signature="setUp()[pri:0, instance:com.crm.qa.testcases.HomePageTest@39aeed2f]" name="setUp" is-config="true" duration-ms="26363" started-at="2018-12-17T11:14:05Z" finished-at="2018-12-17T11:14:31Z">
          <reporter-output>
          </reporter-output>
        </test-method> <!-- setUp -->
        <test-method status="PASS" signature="verifyCotactLinkTest()[pri:3, instance:com.crm.qa.testcases.HomePageTest@39aeed2f]" name="verifyCotactLinkTest" duration-ms="1737" started-at="2018-12-17T11:14:31Z" finished-at="2018-12-17T11:14:33Z">
          <reporter-output>
          </reporter-output>
        </test-method> <!-- verifyCotactLinkTest -->
        <test-method status="PASS" signature="TearDown()[pri:0, instance:com.crm.qa.testcases.HomePageTest@39aeed2f]" name="TearDown" is-config="true" duration-ms="874" started-at="2018-12-17T11:14:33Z" finished-at="2018-12-17T11:14:34Z">
          <reporter-output>
          </reporter-output>
        </test-method> <!-- TearDown -->
      </class> <!-- com.crm.qa.testcases.HomePageTest -->
      <class name="com.crm.qa.testcases.LoginPageTest">
        <test-method status="PASS" signature="SetUp()[pri:0, instance:com.crm.qa.testcases.LoginPageTest@724af044]" name="SetUp" is-config="true" duration-ms="18245" started-at="2018-12-17T11:11:31Z" finished-at="2018-12-17T11:11:49Z">
          <reporter-output>
          </reporter-output>
        </test-method> <!-- SetUp -->
        <test-method status="PASS" signature="LoginPageTitleTest()[pri:1, instance:com.crm.qa.testcases.LoginPageTest@724af044]" name="LoginPageTitleTest" duration-ms="25" started-at="2018-12-17T11:11:49Z" finished-at="2018-12-17T11:11:49Z">
          <reporter-output>
          </reporter-output>
        </test-method> <!-- LoginPageTitleTest -->
        <test-method status="PASS" signature="TearDown()[pri:0, instance:com.crm.qa.testcases.LoginPageTest@724af044]" name="TearDown" is-config="true" duration-ms="817" started-at="2018-12-17T11:11:49Z" finished-at="2018-12-17T11:11:50Z">
          <reporter-output>
          </reporter-output>
        </test-method> <!-- TearDown -->
        <test-method status="PASS" signature="SetUp()[pri:0, instance:com.crm.qa.testcases.LoginPageTest@724af044]" name="SetUp" is-config="true" duration-ms="16877" started-at="2018-12-17T11:13:47Z" finished-at="2018-12-17T11:14:04Z">
          <reporter-output>
          </reporter-output>
        </test-method> <!-- SetUp -->
        <test-method status="PASS" signature="crmLogoImgTest()[pri:2, instance:com.crm.qa.testcases.LoginPageTest@724af044]" name="crmLogoImgTest" duration-ms="64" started-at="2018-12-17T11:14:04Z" finished-at="2018-12-17T11:14:04Z">
          <reporter-output>
          </reporter-output>
        </test-method> <!-- crmLogoImgTest -->
        <test-method status="PASS" signature="TearDown()[pri:0, instance:com.crm.qa.testcases.LoginPageTest@724af044]" name="TearDown" is-config="true" duration-ms="805" started-at="2018-12-17T11:14:04Z" finished-at="2018-12-17T11:14:05Z">
          <reporter-output>
          </reporter-output>
        </test-method> <!-- TearDown -->
        <test-method status="PASS" signature="SetUp()[pri:0, instance:com.crm.qa.testcases.LoginPageTest@724af044]" name="SetUp" is-config="true" duration-ms="13065" started-at="2018-12-17T11:14:34Z" finished-at="2018-12-17T11:14:47Z">
          <reporter-output>
          </reporter-output>
        </test-method> <!-- SetUp -->
        <test-method status="PASS" signature="LoginTest()[pri:3, instance:com.crm.qa.testcases.LoginPageTest@724af044]" name="LoginTest" duration-ms="7475" started-at="2018-12-17T11:14:47Z" finished-at="2018-12-17T11:14:55Z">
          <reporter-output>
          </reporter-output>
        </test-method> <!-- LoginTest -->
        <test-method status="PASS" signature="TearDown()[pri:0, instance:com.crm.qa.testcases.LoginPageTest@724af044]" name="TearDown" is-config="true" duration-ms="882" started-at="2018-12-17T11:14:55Z" finished-at="2018-12-17T11:14:55Z">
          <reporter-output>
          </reporter-output>
        </test-method> <!-- TearDown -->
      </class> <!-- com.crm.qa.testcases.LoginPageTest -->
    </test> <!-- free CRM App test Cases -->
  </suite> <!-- Free Crm Application Automation Test Suite -->
</testng-results>
